#-----------------------------------------------------------
# Vivado v2019.2 (64-bit)
# SW Build 2708876 on Wed Nov  6 21:40:23 MST 2019
# IP Build 2700528 on Thu Nov  7 00:09:20 MST 2019
# Start of session at: Sat Aug 27 15:11:35 2022
# Process ID: 24316
# Current directory: D:/Vivado/Project/pipeline
# Command line: vivado.exe -gui_launcher_event rodinguilauncherevent6624 D:\Vivado\Project\pipeline\pipeline.xpr
# Log file: D:/Vivado/Project/pipeline/vivado.log
# Journal file: D:/Vivado/Project/pipeline\vivado.jou
#-----------------------------------------------------------
start_gui
open_project D:/Vivado/Project/pipeline/pipeline.xpr
CRITICAL WARNING: [Project 1-19] Could not find the file 'D:/Vivado/soft/adder8bit.coe'.
Scanning sources...
Finished scanning sources
INFO: [IP_Flow 19-234] Refreshing IP repositories
INFO: [IP_Flow 19-1704] No user IP repositories specified
INFO: [IP_Flow 19-2313] Loaded Vivado IP repository 'D:/Vivado/Vivado/2019.2/data/ip'.
open_project: Time (s): cpu = 00:00:17 ; elapsed = 00:00:57 . Memory (MB): peak = 866.707 ; gain = 261.758
